<?xml version="1.0" encoding="UTF-8"?>
<!-- Generated by org.testng.reporters.JUnitReportReporter -->
<testsuite hostname="DESKTOP-HKAACU0" failures="0" tests="4" name="Retail.BBHomePageTest" time="142.279" errors="0" timestamp="2020-11-11T11:07:49 PST" skipped="0">
  <testcase classname="Retail.BBHomePageTest" name="dealsDropDownTest" time="49.102"/>
  <system-out/>
  <testcase classname="Retail.BBHomePageTest" name="servicesDropDownTest" time="33.598"/>
  <system-out/>
  <testcase classname="Retail.BBHomePageTest" name="productsDropDownTest" time="26.978"/>
  <system-out/>
  <testcase classname="Retail.BBHomePageTest" name="brandsDropDownTest" time="32.601"/>
  <system-out/>
</testsuite> <!-- Retail.BBHomePageTest -->
