<?xml version="1.0" encoding="UTF-8"?>
<!-- Generated by org.testng.reporters.JUnitReportReporter -->
<testsuite hostname="DESKTOP-HKAACU0" failures="0" tests="1" name="Retail.BBHomePageTest" time="21.882" errors="0" timestamp="2020-10-21T10:43:06 PDT" skipped="0">
  <testcase classname="Retail.BBHomePageTest" name="productsHowToShop" time="21.882"/>
  <system-out/>
</testsuite> <!-- Retail.BBHomePageTest -->
