<?xml version="1.0" encoding="UTF-8"?>
<!-- Generated by org.testng.reporters.JUnitReportReporter -->
<testsuite hostname="DESKTOP-HKAACU0" failures="0" tests="8" name="Retail.BBHomePageTest" time="281.827" errors="0" timestamp="2020-10-21T13:06:51 PDT" skipped="0">
  <testcase classname="Retail.BBHomePageTest" name="productsAppleLatest" time="36.345"/>
  <system-out/>
  <testcase classname="Retail.BBHomePageTest" name="productsHowToShop" time="34.113"/>
  <system-out/>
  <testcase classname="Retail.BBHomePageTest" name="productsPlaystationFive" time="34.400"/>
  <system-out/>
  <testcase classname="Retail.BBHomePageTest" name="productsHolidayDecor" time="39.203"/>
  <system-out/>
  <testcase classname="Retail.BBHomePageTest" name="productsGiftIdeas" time="30.974"/>
  <system-out/>
  <testcase classname="Retail.BBHomePageTest" name="productsXboxSeries" time="30.546"/>
  <system-out/>
  <testcase classname="Retail.BBHomePageTest" name="productsBestBuyOutlet" time="33.010"/>
  <system-out/>
  <testcase classname="Retail.BBHomePageTest" name="productsTopTvDeals" time="43.236"/>
  <system-out/>
</testsuite> <!-- Retail.BBHomePageTest -->
