<?xml version="1.0" encoding="UTF-8"?>
<!-- Generated by org.testng.reporters.JUnitReportReporter -->
<testsuite hostname="DESKTOP-HKAACU0" failures="0" tests="9" name="Retail.BBHomePageTest" time="194.332" errors="0" timestamp="2020-08-18T12:15:05 PDT" skipped="0">
  <testcase classname="Retail.BBHomePageTest" name="clickTopDeals" time="22.712"/>
  <system-out/>
  <testcase classname="Retail.BBHomePageTest" name="clickForYourBusiness" time="22.684"/>
  <system-out/>
  <testcase classname="Retail.BBHomePageTest" name="clickCreditCards" time="22.170"/>
  <system-out/>
  <testcase classname="Retail.BBHomePageTest" name="clickDealOfTheDay" time="23.173"/>
  <system-out/>
  <testcase classname="Retail.BBHomePageTest" name="pressHomeIcon" time="13.113"/>
  <system-out/>
  <testcase classname="Retail.BBHomePageTest" name="clickBackToSchool" time="30.706"/>
  <system-out/>
  <testcase classname="Retail.BBHomePageTest" name="myCart" time="21.117"/>
  <system-out/>
  <testcase classname="Retail.BBHomePageTest" name="clickGiftCards" time="23.090"/>
  <system-out/>
  <testcase classname="Retail.BBHomePageTest" name="closestBestBuyToMe" time="15.567"/>
  <system-out/>
</testsuite> <!-- Retail.BBHomePageTest -->
